[2026-02-24 21:52:09] WATCHER_STARTED - Monitoring E:\ai_employee\[Bronze_Tier](Silver_Tier)\AI_Employee_Vault\Inbox
[2026-02-24 21:52:32] WATCHER_STOPPED - Received signal 2
[2026-02-24 21:52:35] WATCHER_STOPPED - Received signal 2
[2026-02-24 21:52:50] WATCHER_STOPPED - Processed 0 files, Uptime: 41 seconds
[2026-02-24 21:54:17] WATCHER_STARTED - Monitoring E:\ai_employee\[Bronze_Tier](Silver_Tier)\AI_Employee_Vault\Inbox
[2026-02-24 21:54:20] WATCHER_STOPPED - Received signal 2
[2026-02-24 21:54:38] WATCHER_STOPPED - Processed 0 files, Uptime: 21 seconds
[2026-02-24 22:10:06] TASK_PLANNER: No .md files in Inbox
[2026-02-24 22:15:54] TEST: Vault watcher test action
[2026-02-24 22:15:55] TEST: Task planner test action
[2026-02-24 22:15:55] TASK_PLANNER: Found 3 .md file(s) to analyze
[2026-02-24 22:15:55] TASK_PLANNER: Analyzing test_analyze.md
[2026-02-24 22:15:55] TASK_PLANNER: Analyzing test_full_run.md
[2026-02-24 22:15:55] TASK_PLANNER: Analyzing test_inbox_file.md
[2026-02-24 22:15:55] INTEGRATION: Watcher log test
[2026-02-24 22:15:56] INTEGRATION: Planner log test
[2026-02-24 22:16:21] TEST: Vault watcher test action
[2026-02-24 22:16:21] TEST: Task planner test action
[2026-02-24 22:16:21] TASK_PLANNER: Found 3 .md file(s) to analyze
[2026-02-24 22:16:21] TASK_PLANNER: Analyzing test_analyze.md
[2026-02-24 22:16:21] TASK_PLANNER: Analyzing test_full_run.md
[2026-02-24 22:16:22] TASK_PLANNER: Analyzing test_inbox_file.md
[2026-02-24 22:16:22] INTEGRATION: Watcher log test
[2026-02-24 22:16:22] INTEGRATION: Planner log test
[2026-02-24 22:29:46] APPROVAL: No pending approval files found
[2026-02-24 22:30:04] APPROVAL: Found 1 pending approval file(s) to check
[2026-02-24 22:30:04] APPROVAL: Detected approval for test_approval_plan.md (by Test User)
[2026-02-24 22:30:04] APPROVAL: Would rename test_approval_plan.md → test_approval_plan.md.approved
[2026-02-24 22:30:12] APPROVAL: Found 1 pending approval file(s) to check
[2026-02-24 22:30:12] APPROVAL: Detected approval for test_approval_plan.md (by Test User)
[2026-02-24 22:30:12] APPROVAL: Renamed test_approval_plan.md → test_approval_plan.md.approved
[2026-02-24 22:33:23] APPROVAL: No pending approval files found
[2026-02-24 22:45:48] TASK_PLANNER: No .md files in Inbox
[2026-02-24 22:47:38] TASK_PLANNER: No .md files in Inbox
[2026-02-24 22:49:19] TASK_PLANNER: No .md files in Inbox
[2026-02-24 22:57:32] TASK_PLANNER: No .md files in Inbox
[2026-02-25 13:07:57] TASK_PLANNER: No .md files in Inbox
[2026-02-25 13:08:08] TASK_PLANNER: No .md files in Inbox
