[2026-03-02 13:12:18] [START] Processing task_ralph_test.md
[2026-03-02 13:12:18] [ANALYZE] task_ralph_test.md
[2026-03-02 13:12:18] [PLAN] Creating plan for task_ralph_test.md
[2026-03-02 13:12:18] [RISK] Assessing risk level
[2026-03-02 13:12:18] [EXECUTE] Step 1/5: Read source material...
[2026-03-02 13:12:18] [CHECK] Step 1 complete ✅
[2026-03-02 13:12:18] [EXECUTE] Step 2/5: Analyze key points...
[2026-03-02 13:12:18] [CHECK] Step 2 complete ✅
[2026-03-02 13:12:19] [EXECUTE] Step 3/5: Summarize findings...
[2026-03-02 13:12:19] [CHECK] Step 3 complete ✅
[2026-03-02 13:12:19] [EXECUTE] Step 4/5: Create report...
[2026-03-02 13:12:19] [CHECK] Step 4 complete ✅
[2026-03-02 13:12:19] [EXECUTE] Step 5/5: Save analysis...
[2026-03-02 13:12:19] [CHECK] Step 5 complete ✅
[2026-03-02 13:12:19] [DONE] task_ralph_test.md moved to Done folder
[2026-03-02 13:12:44] [START] Processing Plan_fresh_test_task_20260302_131243.md
[2026-03-02 13:12:44] [ANALYZE] Plan_fresh_test_task_20260302_131243.md
[2026-03-02 13:12:44] [PLAN] Creating plan for Plan_fresh_test_task_20260302_131243.md
[2026-03-02 13:12:44] [RISK] Assessing risk level
[2026-03-02 13:12:44] [EXECUTE] Step 1/5: Read source material...
[2026-03-02 13:12:44] [CHECK] Step 1 complete ✅
[2026-03-02 13:12:44] [EXECUTE] Step 2/5: Analyze key points...
[2026-03-02 13:12:44] [CHECK] Step 2 complete ✅
[2026-03-02 13:12:44] [EXECUTE] Step 3/5: Summarize findings...
[2026-03-02 13:12:44] [CHECK] Step 3 complete ✅
[2026-03-02 13:12:44] [EXECUTE] Step 4/5: Create report...
[2026-03-02 13:12:44] [CHECK] Step 4 complete ✅
[2026-03-02 13:12:44] [EXECUTE] Step 5/5: Save analysis...
[2026-03-02 13:12:44] [CHECK] Step 5 complete ✅
[2026-03-02 13:12:44] [DONE] Plan_fresh_test_task_20260302_131243.md moved to Done folder
[2026-03-02 13:31:04] [INFO] ==================================================
[2026-03-02 13:31:04] [INFO] Starting Ralph Wiggum Autonomous Loop
[2026-03-02 13:31:04] [INFO] ==================================================
[2026-03-02 13:31:04] [INFO] Processing task: website_update_request.md
[2026-03-02 13:31:04] [INFO] Plan created: Plan_website_update_request_20260302_133104.md
[2026-03-02 13:31:04] [INFO] Executing step 1: Review the current homepage design...
[2026-03-02 13:31:04] [INFO] Step 1 completed successfully
[2026-03-02 13:31:04] [INFO] Executing step 2: Update the hero section with new messaging...
[2026-03-02 13:31:04] [INFO] Step 2 completed successfully
[2026-03-02 13:31:04] [INFO] Executing step 3: Add the new testimonial section...
[2026-03-02 13:31:04] [INFO] Step 3 completed successfully
[2026-03-02 13:31:04] [INFO] Executing step 4: Update contact information in footer...
[2026-03-02 13:31:04] [INFO] Step 4 completed successfully
[2026-03-02 13:31:04] [INFO] Executing step 5: Test changes on mobile devices...
[2026-03-02 13:31:04] [INFO] Step 5 completed successfully
[2026-03-02 13:31:04] [INFO] Task completed and moved to Done: website_update_request.md
[2026-03-02 13:31:04] [INFO] ==================================================
[2026-03-02 13:31:04] [INFO] Loop completed: 1 completed, 0 pending approval
[2026-03-02 13:31:04] [INFO] ==================================================
[2026-03-02 13:32:10] [INFO] ==================================================
[2026-03-02 13:32:10] [INFO] Starting Ralph Wiggum Autonomous Loop
[2026-03-02 13:32:10] [INFO] ==================================================
[2026-03-02 13:32:10] [INFO] Processing task: database_cleanup.md
[2026-03-02 13:32:10] [INFO] Plan created: Plan_database_cleanup_20260302_133210.md
[2026-03-02 13:32:10] [INFO] Approval requested: ralph_20260302_133210
[2026-03-02 13:32:10] [INFO] Task database_cleanup.md pending approval: ralph_20260302_133210
[2026-03-02 13:32:10] [INFO] ==================================================
[2026-03-02 13:32:10] [INFO] Loop completed: 0 completed, 1 pending approval
[2026-03-02 13:32:10] [INFO] ==================================================
